# JRE version: OpenJDK Runtime Environment Temurin-21.0.6+7 (21.0.6+7) (build 21.0.6+7-LTS)
# Java VM: OpenJDK 64-Bit Server VM Temurin-21.0.6+7 (21.0.6+7-LTS, mixed mode, sharing, tiered, compressed oops, compressed class ptrs, parallel gc, windows-amd64)
GC Precious Log:
 CardTable entry size: 512
 CPUs: 8 total, 8 available
 Memory: 16129M
 Large Page Support: Disabled
 NUMA Support: Disabled
 Compressed Oops: Enabled (32-bit)
 Alignments: Space 512K, Generation 512K, Heap 2M
 Heap Min Capacity: 100M
 Heap Initial Capacity: 100M
 Heap Max Capacity: 1G
 Pre-touch: Disabled
 Parallel Workers: 8
Heap:
 PSYoungGen      total 20992K, used 16322K [0x00000000eab00000, 0x00000000ec180000, 0x0000000100000000)
  eden space 19456K, 77% used [0x00000000eab00000,0x00000000eb9b0b80,0x00000000ebe00000)
  from space 1536K, 83% used [0x00000000ec000000,0x00000000ec140040,0x00000000ec180000)
  to   space 1536K, 0% used [0x00000000ebe80000,0x00000000ebe80000,0x00000000ec000000)
 ParOldGen       total 68608K, used 33651K [0x00000000c0000000, 0x00000000c4300000, 0x00000000eab00000)
  object space 68608K, 49% used [0x00000000c0000000,0x00000000c20dceb8,0x00000000c4300000)
 Metaspace       used 43547K, committed 44608K, reserved 1114112K
  class space    used 4173K, committed 4672K, reserved 1048576K
GC Heap History (20 events):
Event: 6.005 GC heap before
{Heap before GC invocations=19 (full 2):
 PSYoungGen      total 23040K, used 192K [0x00000000eab00000, 0x00000000ec300000, 0x0000000100000000)
  eden space 21504K, 0% used [0x00000000eab00000,0x00000000eab00000,0x00000000ec000000)
  from space 1536K, 12% used [0x00000000ec080000,0x00000000ec0b0000,0x00000000ec200000)
  to   space 512K, 0% used [0x00000000ec280000,0x00000000ec280000,0x00000000ec300000)
 ParOldGen       total 68608K, used 29179K [0x00000000c0000000, 0x00000000c4300000, 0x00000000eab00000)
  object space 68608K, 42% used [0x00000000c0000000,0x00000000c1c7ecd0,0x00000000c4300000)
 Metaspace       used 34979K, committed 35840K, reserved 1114112K
  class space    used 3446K, committed 3840K, reserved 1048576K
}
Event: 6.060 GC heap after
{Heap after GC invocations=19 (full 2):
 PSYoungGen      total 23040K, used 0K [0x00000000eab00000, 0x00000000ec300000, 0x0000000100000000)
  eden space 21504K, 0% used [0x00000000eab00000,0x00000000eab00000,0x00000000ec000000)
  from space 1536K, 0% used [0x00000000ec080000,0x00000000ec080000,0x00000000ec200000)
  to   space 512K, 0% used [0x00000000ec280000,0x00000000ec280000,0x00000000ec300000)
 ParOldGen       total 68608K, used 27911K [0x00000000c0000000, 0x00000000c4300000, 0x00000000eab00000)
  object space 68608K, 40% used [0x00000000c0000000,0x00000000c1b41c88,0x00000000c4300000)
 Metaspace       used 34940K, committed 35840K, reserved 1114112K
  class space    used 3436K, committed 3840K, reserved 1048576K
}
Event: 6.504 GC heap before
{Heap before GC invocations=20 (full 2):
 PSYoungGen      total 23040K, used 21504K [0x00000000eab00000, 0x00000000ec300000, 0x0000000100000000)
  eden space 21504K, 100% used [0x00000000eab00000,0x00000000ec000000,0x00000000ec000000)
  from space 1536K, 0% used [0x00000000ec080000,0x00000000ec080000,0x00000000ec200000)
  to   space 512K, 0% used [0x00000000ec280000,0x00000000ec280000,0x00000000ec300000)
 ParOldGen       total 68608K, used 27911K [0x00000000c0000000, 0x00000000c4300000, 0x00000000eab00000)
  object space 68608K, 40% used [0x00000000c0000000,0x00000000c1b41c88,0x00000000c4300000)
 Metaspace       used 36942K, committed 37888K, reserved 1114112K
  class space    used 3639K, committed 4032K, reserved 1048576K
}
Event: 6.505 GC heap after
{Heap after GC invocations=20 (full 2):
 PSYoungGen      total 22016K, used 512K [0x00000000eab00000, 0x00000000ec300000, 0x0000000100000000)
  eden space 21504K, 0% used [0x00000000eab00000,0x00000000eab00000,0x00000000ec000000)
  from space 512K, 100% used [0x00000000ec280000,0x00000000ec300000,0x00000000ec300000)
  to   space 1024K, 0% used [0x00000000ec100000,0x00000000ec100000,0x00000000ec200000)
 ParOldGen       total 68608K, used 27951K [0x00000000c0000000, 0x00000000c4300000, 0x00000000eab00000)
  object space 68608K, 40% used [0x00000000c0000000,0x00000000c1b4bc88,0x00000000c4300000)
 Metaspace       used 36942K, committed 37888K, reserved 1114112K
  class space    used 3639K, committed 4032K, reserved 1048576K
}
Event: 6.834 GC heap before
{Heap before GC invocations=21 (full 2):
 PSYoungGen      total 22016K, used 22016K [0x00000000eab00000, 0x00000000ec300000, 0x0000000100000000)
  eden space 21504K, 100% used [0x00000000eab00000,0x00000000ec000000,0x00000000ec000000)
  from space 512K, 100% used [0x00000000ec280000,0x00000000ec300000,0x00000000ec300000)
  to   space 1024K, 0% used [0x00000000ec100000,0x00000000ec100000,0x00000000ec200000)
 ParOldGen       total 68608K, used 27951K [0x00000000c0000000, 0x00000000c4300000, 0x00000000eab00000)
  object space 68608K, 40% used [0x00000000c0000000,0x00000000c1b4bc88,0x00000000c4300000)
 Metaspace       used 37564K, committed 38464K, reserved 1114112K
  class space    used 3691K, committed 4096K, reserved 1048576K
}
Event: 6.836 GC heap after
{Heap after GC invocations=21 (full 2):
 PSYoungGen      total 22528K, used 1001K [0x00000000eab00000, 0x00000000ec400000, 0x0000000100000000)
  eden space 21504K, 0% used [0x00000000eab00000,0x00000000eab00000,0x00000000ec000000)
  from space 1024K, 97% used [0x00000000ec100000,0x00000000ec1fa508,0x00000000ec200000)
  to   space 2048K, 0% used [0x00000000ec200000,0x00000000ec200000,0x00000000ec400000)
 ParOldGen       total 68608K, used 28447K [0x00000000c0000000, 0x00000000c4300000, 0x00000000eab00000)
  object space 68608K, 41% used [0x00000000c0000000,0x00000000c1bc7c98,0x00000000c4300000)
 Metaspace       used 37564K, committed 38464K, reserved 1114112K
  class space    used 3691K, committed 4096K, reserved 1048576K
}
Event: 7.107 GC heap before
{Heap before GC invocations=22 (full 2):
 PSYoungGen      total 22528K, used 22505K [0x00000000eab00000, 0x00000000ec400000, 0x0000000100000000)
  eden space 21504K, 100% used [0x00000000eab00000,0x00000000ec000000,0x00000000ec000000)
  from space 1024K, 97% used [0x00000000ec100000,0x00000000ec1fa508,0x00000000ec200000)
  to   space 2048K, 0% used [0x00000000ec200000,0x00000000ec200000,0x00000000ec400000)
 ParOldGen       total 68608K, used 28447K [0x00000000c0000000, 0x00000000c4300000, 0x00000000eab00000)
  object space 68608K, 41% used [0x00000000c0000000,0x00000000c1bc7c98,0x00000000c4300000)
 Metaspace       used 38094K, committed 39040K, reserved 1114112K
  class space    used 3729K, committed 4160K, reserved 1048576K
}
Event: 7.108 GC heap after
{Heap after GC invocations=22 (full 2):
 PSYoungGen      total 22016K, used 224K [0x00000000eab00000, 0x00000000ec280000, 0x0000000100000000)
  eden space 21504K, 0% used [0x00000000eab00000,0x00000000eab00000,0x00000000ec000000)
  from space 512K, 43% used [0x00000000ec200000,0x00000000ec238000,0x00000000ec280000)
  to   space 1024K, 0% used [0x00000000ec080000,0x00000000ec080000,0x00000000ec180000)
 ParOldGen       total 68608K, used 28624K [0x00000000c0000000, 0x00000000c4300000, 0x00000000eab00000)
  object space 68608K, 41% used [0x00000000c0000000,0x00000000c1bf4340,0x00000000c4300000)
 Metaspace       used 38094K, committed 39040K, reserved 1114112K
  class space    used 3729K, committed 4160K, reserved 1048576K
}
Event: 8.064 GC heap before
{Heap before GC invocations=23 (full 2):
 PSYoungGen      total 22016K, used 21714K [0x00000000eab00000, 0x00000000ec280000, 0x0000000100000000)
  eden space 21504K, 99% used [0x00000000eab00000,0x00000000ebffc838,0x00000000ec000000)
  from space 512K, 43% used [0x00000000ec200000,0x00000000ec238000,0x00000000ec280000)
  to   space 1024K, 0% used [0x00000000ec080000,0x00000000ec080000,0x00000000ec180000)
 ParOldGen       total 68608K, used 28624K [0x00000000c0000000, 0x00000000c4300000, 0x00000000eab00000)
  object space 68608K, 41% used [0x00000000c0000000,0x00000000c1bf4340,0x00000000c4300000)
 Metaspace       used 39494K, committed 40448K, reserved 1114112K
  class space    used 3863K, committed 4288K, reserved 1048576K
}
Event: 8.065 GC heap after
{Heap after GC invocations=23 (full 2):
 PSYoungGen      total 22528K, used 769K [0x00000000eab00000, 0x00000000ec280000, 0x0000000100000000)
  eden space 21504K, 0% used [0x00000000eab00000,0x00000000eab00000,0x00000000ec000000)
  from space 1024K, 75% used [0x00000000ec080000,0x00000000ec140448,0x00000000ec180000)
  to   space 1024K, 0% used [0x00000000ec180000,0x00000000ec180000,0x00000000ec280000)
 ParOldGen       total 68608K, used 28664K [0x00000000c0000000, 0x00000000c4300000, 0x00000000eab00000)
  object space 68608K, 41% used [0x00000000c0000000,0x00000000c1bfe340,0x00000000c4300000)
 Metaspace       used 39494K, committed 40448K, reserved 1114112K
  class space    used 3863K, committed 4288K, reserved 1048576K
}
Event: 8.674 GC heap before
{Heap before GC invocations=24 (full 2):
 PSYoungGen      total 22528K, used 22273K [0x00000000eab00000, 0x00000000ec280000, 0x0000000100000000)
  eden space 21504K, 100% used [0x00000000eab00000,0x00000000ec000000,0x00000000ec000000)
  from space 1024K, 75% used [0x00000000ec080000,0x00000000ec140448,0x00000000ec180000)
  to   space 1024K, 0% used [0x00000000ec180000,0x00000000ec180000,0x00000000ec280000)
 ParOldGen       total 68608K, used 28664K [0x00000000c0000000, 0x00000000c4300000, 0x00000000eab00000)
  object space 68608K, 41% used [0x00000000c0000000,0x00000000c1bfe340,0x00000000c4300000)
 Metaspace       used 41894K, committed 42880K, reserved 1114112K
  class space    used 4088K, committed 4544K, reserved 1048576K
}
Event: 8.677 GC heap after
{Heap after GC invocations=24 (full 2):
 PSYoungGen      total 20480K, used 1020K [0x00000000eab00000, 0x00000000ec700000, 0x0000000100000000)
  eden space 19456K, 0% used [0x00000000eab00000,0x00000000eab00000,0x00000000ebe00000)
  from space 1024K, 99% used [0x00000000ec180000,0x00000000ec27f288,0x00000000ec280000)
  to   space 3584K, 0% used [0x00000000ebe00000,0x00000000ebe00000,0x00000000ec180000)
 ParOldGen       total 68608K, used 30499K [0x00000000c0000000, 0x00000000c4300000, 0x00000000eab00000)
  object space 68608K, 44% used [0x00000000c0000000,0x00000000c1dc8d18,0x00000000c4300000)
 Metaspace       used 41894K, committed 42880K, reserved 1114112K
  class space    used 4088K, committed 4544K, reserved 1048576K
}
Event: 8.917 GC heap before
{Heap before GC invocations=25 (full 2):
 PSYoungGen      total 20480K, used 20476K [0x00000000eab00000, 0x00000000ec700000, 0x0000000100000000)
  eden space 19456K, 100% used [0x00000000eab00000,0x00000000ebe00000,0x00000000ebe00000)
  from space 1024K, 99% used [0x00000000ec180000,0x00000000ec27f288,0x00000000ec280000)
  to   space 3584K, 0% used [0x00000000ebe00000,0x00000000ebe00000,0x00000000ec180000)
 ParOldGen       total 68608K, used 30499K [0x00000000c0000000, 0x00000000c4300000, 0x00000000eab00000)
  object space 68608K, 44% used [0x00000000c0000000,0x00000000c1dc8d18,0x00000000c4300000)
 Metaspace       used 43006K, committed 44032K, reserved 1114112K
  class space    used 4164K, committed 4608K, reserved 1048576K
}
Event: 8.918 GC heap after
{Heap after GC invocations=25 (full 2):
 PSYoungGen      total 20480K, used 790K [0x00000000eab00000, 0x00000000ec200000, 0x0000000100000000)
  eden space 19456K, 0% used [0x00000000eab00000,0x00000000eab00000,0x00000000ebe00000)
  from space 1024K, 77% used [0x00000000ebe00000,0x00000000ebec5a20,0x00000000ebf00000)
  to   space 1536K, 0% used [0x00000000ec080000,0x00000000ec080000,0x00000000ec200000)
 ParOldGen       total 68608K, used 31400K [0x00000000c0000000, 0x00000000c4300000, 0x00000000eab00000)
  object space 68608K, 45% used [0x00000000c0000000,0x00000000c1eaa258,0x00000000c4300000)
 Metaspace       used 43006K, committed 44032K, reserved 1114112K
  class space    used 4164K, committed 4608K, reserved 1048576K
}
Event: 9.111 GC heap before
{Heap before GC invocations=26 (full 2):
 PSYoungGen      total 20480K, used 20246K [0x00000000eab00000, 0x00000000ec200000, 0x0000000100000000)
  eden space 19456K, 100% used [0x00000000eab00000,0x00000000ebe00000,0x00000000ebe00000)
  from space 1024K, 77% used [0x00000000ebe00000,0x00000000ebec5a20,0x00000000ebf00000)
  to   space 1536K, 0% used [0x00000000ec080000,0x00000000ec080000,0x00000000ec200000)
 ParOldGen       total 68608K, used 31400K [0x00000000c0000000, 0x00000000c4300000, 0x00000000eab00000)
  object space 68608K, 45% used [0x00000000c0000000,0x00000000c1eaa258,0x00000000c4300000)
 Metaspace       used 43186K, committed 44288K, reserved 1114112K
  class space    used 4166K, committed 4672K, reserved 1048576K
}
Event: 9.113 GC heap after
{Heap after GC invocations=26 (full 2):
 PSYoungGen      total 20480K, used 608K [0x00000000eab00000, 0x00000000ec180000, 0x0000000100000000)
  eden space 19456K, 0% used [0x00000000eab00000,0x00000000eab00000,0x00000000ebe00000)
  from space 1024K, 59% used [0x00000000ec080000,0x00000000ec118000,0x00000000ec180000)
  to   space 1024K, 0% used [0x00000000ebe00000,0x00000000ebe00000,0x00000000ebf00000)
 ParOldGen       total 68608K, used 31967K [0x00000000c0000000, 0x00000000c4300000, 0x00000000eab00000)
  object space 68608K, 46% used [0x00000000c0000000,0x00000000c1f37c78,0x00000000c4300000)
 Metaspace       used 43186K, committed 44288K, reserved 1114112K
  class space    used 4166K, committed 4672K, reserved 1048576K
}
Event: 9.277 GC heap before
{Heap before GC invocations=27 (full 2):
 PSYoungGen      total 20480K, used 20064K [0x00000000eab00000, 0x00000000ec180000, 0x0000000100000000)
  eden space 19456K, 100% used [0x00000000eab00000,0x00000000ebe00000,0x00000000ebe00000)
  from space 1024K, 59% used [0x00000000ec080000,0x00000000ec118000,0x00000000ec180000)
  to   space 1024K, 0% used [0x00000000ebe00000,0x00000000ebe00000,0x00000000ebf00000)
 ParOldGen       total 68608K, used 31967K [0x00000000c0000000, 0x00000000c4300000, 0x00000000eab00000)
  object space 68608K, 46% used [0x00000000c0000000,0x00000000c1f37c78,0x00000000c4300000)
 Metaspace       used 43378K, committed 44480K, reserved 1114112K
  class space    used 4173K, committed 4672K, reserved 1048576K
}
Event: 9.279 GC heap after
{Heap after GC invocations=27 (full 2):
 PSYoungGen      total 20480K, used 1008K [0x00000000eab00000, 0x00000000ec200000, 0x0000000100000000)
  eden space 19456K, 0% used [0x00000000eab00000,0x00000000eab00000,0x00000000ebe00000)
  from space 1024K, 98% used [0x00000000ebe00000,0x00000000ebefc030,0x00000000ebf00000)
  to   space 2048K, 0% used [0x00000000ec000000,0x00000000ec000000,0x00000000ec200000)
 ParOldGen       total 68608K, used 32676K [0x00000000c0000000, 0x00000000c4300000, 0x00000000eab00000)
  object space 68608K, 47% used [0x00000000c0000000,0x00000000c1fe9128,0x00000000c4300000)
 Metaspace       used 43378K, committed 44480K, reserved 1114112K
  class space    used 4173K, committed 4672K, reserved 1048576K
}
Event: 9.415 GC heap before
{Heap before GC invocations=28 (full 2):
 PSYoungGen      total 20480K, used 20464K [0x00000000eab00000, 0x00000000ec200000, 0x0000000100000000)
  eden space 19456K, 100% used [0x00000000eab00000,0x00000000ebe00000,0x00000000ebe00000)
  from space 1024K, 98% used [0x00000000ebe00000,0x00000000ebefc030,0x00000000ebf00000)
  to   space 2048K, 0% used [0x00000000ec000000,0x00000000ec000000,0x00000000ec200000)
 ParOldGen       total 68608K, used 32676K [0x00000000c0000000, 0x00000000c4300000, 0x00000000eab00000)
  object space 68608K, 47% used [0x00000000c0000000,0x00000000c1fe9128,0x00000000c4300000)
 Metaspace       used 43468K, committed 44544K, reserved 1114112K
  class space    used 4173K, committed 4672K, reserved 1048576K
}
Event: 9.417 GC heap after
{Heap after GC invocations=28 (full 2):
 PSYoungGen      total 20992K, used 1280K [0x00000000eab00000, 0x00000000ec180000, 0x0000000100000000)
  eden space 19456K, 0% used [0x00000000eab00000,0x00000000eab00000,0x00000000ebe00000)
  from space 1536K, 83% used [0x00000000ec000000,0x00000000ec140040,0x00000000ec180000)
  to   space 1536K, 0% used [0x00000000ebe80000,0x00000000ebe80000,0x00000000ec000000)
 ParOldGen       total 68608K, used 33651K [0x00000000c0000000, 0x00000000c4300000, 0x00000000eab00000)
  object space 68608K, 49% used [0x00000000c0000000,0x00000000c20dceb8,0x00000000c4300000)
 Metaspace       used 43468K, committed 44544K, reserved 1114112K
  class space    used 4173K, committed 4672K, reserved 1048576K
}

