# JRE version: OpenJDK Runtime Environment Temurin-21.0.6+7 (21.0.6+7) (build 21.0.6+7-LTS)
# Java VM: OpenJDK 64-Bit Server VM Temurin-21.0.6+7 (21.0.6+7-LTS, mixed mode, sharing, tiered, compressed oops, compressed class ptrs, parallel gc, windows-amd64)
GC Precious Log:
 CardTable entry size: 512
 CPUs: 8 total, 8 available
 Memory: 16129M
 Large Page Support: Disabled
 NUMA Support: Disabled
 Compressed Oops: Enabled (32-bit)
 Alignments: Space 512K, Generation 512K, Heap 2M
 Heap Min Capacity: 100M
 Heap Initial Capacity: 100M
 Heap Max Capacity: 1G
 Pre-touch: Disabled
 Parallel Workers: 8
Heap:
 PSYoungGen      total 2560K, used 2544K [0x00000000eab00000, 0x00000000eaf00000, 0x0000000100000000)
  eden space 2048K, 100% used [0x00000000eab00000,0x00000000ead00000,0x00000000ead00000)
  from space 512K, 96% used [0x00000000ead80000,0x00000000eadfc010,0x00000000eae00000)
  to   space 1024K, 57% used [0x00000000eae00000,0x00000000eae930e8,0x00000000eaf00000)
 ParOldGen       total 470016K, used 469816K [0x00000000c0000000, 0x00000000dcb00000, 0x00000000eab00000)
  object space 470016K, 99% used [0x00000000c0000000,0x00000000dcace3f0,0x00000000dcb00000)
 Metaspace       used 67490K, committed 69056K, reserved 1114112K
  class space    used 6730K, committed 7424K, reserved 1048576K
GC Heap History (20 events):
Event: 21.575 GC heap before
{Heap before GC invocations=810 (full 3):
 PSYoungGen      total 2048K, used 1978K [0x00000000eab00000, 0x00000000eae80000, 0x0000000100000000)
  eden space 1536K, 99% used [0x00000000eab00000,0x00000000eac7ff50,0x00000000eac80000)
  from space 512K, 86% used [0x00000000eae00000,0x00000000eae6eb88,0x00000000eae80000)
  to   space 512K, 0% used [0x00000000ead80000,0x00000000ead80000,0x00000000eae00000)
 ParOldGen       total 466432K, used 466301K [0x00000000c0000000, 0x00000000dc780000, 0x00000000eab00000)
  object space 466432K, 99% used [0x00000000c0000000,0x00000000dc75f460,0x00000000dc780000)
 Metaspace       used 66891K, committed 68480K, reserved 1114112K
  class space    used 6692K, committed 7360K, reserved 1048576K
}
Event: 21.577 GC heap after
{Heap after GC invocations=810 (full 3):
 PSYoungGen      total 2048K, used 486K [0x00000000eab00000, 0x00000000eae80000, 0x0000000100000000)
  eden space 1536K, 0% used [0x00000000eab00000,0x00000000eab00000,0x00000000eac80000)
  from space 512K, 95% used [0x00000000ead80000,0x00000000eadf9bb8,0x00000000eae00000)
  to   space 512K, 0% used [0x00000000eae00000,0x00000000eae00000,0x00000000eae80000)
 ParOldGen       total 466944K, used 466537K [0x00000000c0000000, 0x00000000dc800000, 0x00000000eab00000)
  object space 466944K, 99% used [0x00000000c0000000,0x00000000dc79a450,0x00000000dc800000)
 Metaspace       used 66891K, committed 68480K, reserved 1114112K
  class space    used 6692K, committed 7360K, reserved 1048576K
}
Event: 21.582 GC heap before
{Heap before GC invocations=811 (full 3):
 PSYoungGen      total 2048K, used 2022K [0x00000000eab00000, 0x00000000eae80000, 0x0000000100000000)
  eden space 1536K, 100% used [0x00000000eab00000,0x00000000eac80000,0x00000000eac80000)
  from space 512K, 95% used [0x00000000ead80000,0x00000000eadf9bb8,0x00000000eae00000)
  to   space 512K, 0% used [0x00000000eae00000,0x00000000eae00000,0x00000000eae80000)
 ParOldGen       total 466944K, used 466537K [0x00000000c0000000, 0x00000000dc800000, 0x00000000eab00000)
  object space 466944K, 99% used [0x00000000c0000000,0x00000000dc79a450,0x00000000dc800000)
 Metaspace       used 66899K, committed 68480K, reserved 1114112K
  class space    used 6694K, committed 7360K, reserved 1048576K
}
Event: 21.585 GC heap after
{Heap after GC invocations=811 (full 3):
 PSYoungGen      total 2560K, used 352K [0x00000000eab00000, 0x00000000eae80000, 0x0000000100000000)
  eden space 2048K, 0% used [0x00000000eab00000,0x00000000eab00000,0x00000000ead00000)
  from space 512K, 68% used [0x00000000eae00000,0x00000000eae58000,0x00000000eae80000)
  to   space 512K, 0% used [0x00000000ead80000,0x00000000ead80000,0x00000000eae00000)
 ParOldGen       total 466944K, used 466889K [0x00000000c0000000, 0x00000000dc800000, 0x00000000eab00000)
  object space 466944K, 99% used [0x00000000c0000000,0x00000000dc7f2788,0x00000000dc800000)
 Metaspace       used 66899K, committed 68480K, reserved 1114112K
  class space    used 6694K, committed 7360K, reserved 1048576K
}
Event: 21.591 GC heap before
{Heap before GC invocations=812 (full 3):
 PSYoungGen      total 2560K, used 2368K [0x00000000eab00000, 0x00000000eae80000, 0x0000000100000000)
  eden space 2048K, 98% used [0x00000000eab00000,0x00000000eacf83a0,0x00000000ead00000)
  from space 512K, 68% used [0x00000000eae00000,0x00000000eae58000,0x00000000eae80000)
  to   space 512K, 0% used [0x00000000ead80000,0x00000000ead80000,0x00000000eae00000)
 ParOldGen       total 467456K, used 466953K [0x00000000c0000000, 0x00000000dc880000, 0x00000000eab00000)
  object space 467456K, 99% used [0x00000000c0000000,0x00000000dc802798,0x00000000dc880000)
 Metaspace       used 66903K, committed 68480K, reserved 1114112K
  class space    used 6695K, committed 7360K, reserved 1048576K
}
Event: 21.593 GC heap after
{Heap after GC invocations=812 (full 3):
 PSYoungGen      total 2560K, used 443K [0x00000000eab00000, 0x00000000eae80000, 0x0000000100000000)
  eden space 2048K, 0% used [0x00000000eab00000,0x00000000eab00000,0x00000000ead00000)
  from space 512K, 86% used [0x00000000ead80000,0x00000000eadeec08,0x00000000eae00000)
  to   space 512K, 0% used [0x00000000eae00000,0x00000000eae00000,0x00000000eae80000)
 ParOldGen       total 467456K, used 467161K [0x00000000c0000000, 0x00000000dc880000, 0x00000000eab00000)
  object space 467456K, 99% used [0x00000000c0000000,0x00000000dc836798,0x00000000dc880000)
 Metaspace       used 66903K, committed 68480K, reserved 1114112K
  class space    used 6695K, committed 7360K, reserved 1048576K
}
Event: 21.601 GC heap before
{Heap before GC invocations=813 (full 3):
 PSYoungGen      total 2560K, used 2491K [0x00000000eab00000, 0x00000000eae80000, 0x0000000100000000)
  eden space 2048K, 100% used [0x00000000eab00000,0x00000000ead00000,0x00000000ead00000)
  from space 512K, 86% used [0x00000000ead80000,0x00000000eadeec08,0x00000000eae00000)
  to   space 512K, 0% used [0x00000000eae00000,0x00000000eae00000,0x00000000eae80000)
 ParOldGen       total 467456K, used 467182K [0x00000000c0000000, 0x00000000dc880000, 0x00000000eab00000)
  object space 467456K, 99% used [0x00000000c0000000,0x00000000dc83bb50,0x00000000dc880000)
 Metaspace       used 66911K, committed 68480K, reserved 1114112K
  class space    used 6695K, committed 7360K, reserved 1048576K
}
Event: 21.602 GC heap after
{Heap after GC invocations=813 (full 3):
 PSYoungGen      total 2560K, used 480K [0x00000000eab00000, 0x00000000eae80000, 0x0000000100000000)
  eden space 2048K, 0% used [0x00000000eab00000,0x00000000eab00000,0x00000000ead00000)
  from space 512K, 93% used [0x00000000eae00000,0x00000000eae78000,0x00000000eae80000)
  to   space 512K, 0% used [0x00000000ead80000,0x00000000ead80000,0x00000000eae00000)
 ParOldGen       total 467968K, used 467473K [0x00000000c0000000, 0x00000000dc900000, 0x00000000eab00000)
  object space 467968K, 99% used [0x00000000c0000000,0x00000000dc884758,0x00000000dc900000)
 Metaspace       used 66911K, committed 68480K, reserved 1114112K
  class space    used 6695K, committed 7360K, reserved 1048576K
}
Event: 21.609 GC heap before
{Heap before GC invocations=814 (full 3):
 PSYoungGen      total 2560K, used 2528K [0x00000000eab00000, 0x00000000eae80000, 0x0000000100000000)
  eden space 2048K, 100% used [0x00000000eab00000,0x00000000ead00000,0x00000000ead00000)
  from space 512K, 93% used [0x00000000eae00000,0x00000000eae78000,0x00000000eae80000)
  to   space 512K, 0% used [0x00000000ead80000,0x00000000ead80000,0x00000000eae00000)
 ParOldGen       total 467968K, used 467473K [0x00000000c0000000, 0x00000000dc900000, 0x00000000eab00000)
  object space 467968K, 99% used [0x00000000c0000000,0x00000000dc884758,0x00000000dc900000)
 Metaspace       used 66927K, committed 68480K, reserved 1114112K
  class space    used 6695K, committed 7360K, reserved 1048576K
}
Event: 21.612 GC heap after
{Heap after GC invocations=814 (full 3):
 PSYoungGen      total 3072K, used 416K [0x00000000eab00000, 0x00000000eae80000, 0x0000000100000000)
  eden space 2560K, 0% used [0x00000000eab00000,0x00000000eab00000,0x00000000ead80000)
  from space 512K, 81% used [0x00000000ead80000,0x00000000eade8000,0x00000000eae00000)
  to   space 512K, 0% used [0x00000000eae00000,0x00000000eae00000,0x00000000eae80000)
 ParOldGen       total 467968K, used 467785K [0x00000000c0000000, 0x00000000dc900000, 0x00000000eab00000)
  object space 467968K, 99% used [0x00000000c0000000,0x00000000dc8d2758,0x00000000dc900000)
 Metaspace       used 66927K, committed 68480K, reserved 1114112K
  class space    used 6695K, committed 7360K, reserved 1048576K
}
Event: 21.623 GC heap before
{Heap before GC invocations=815 (full 3):
 PSYoungGen      total 3072K, used 2976K [0x00000000eab00000, 0x00000000eae80000, 0x0000000100000000)
  eden space 2560K, 100% used [0x00000000eab00000,0x00000000ead80000,0x00000000ead80000)
  from space 512K, 81% used [0x00000000ead80000,0x00000000eade8000,0x00000000eae00000)
  to   space 512K, 0% used [0x00000000eae00000,0x00000000eae00000,0x00000000eae80000)
 ParOldGen       total 467968K, used 467785K [0x00000000c0000000, 0x00000000dc900000, 0x00000000eab00000)
  object space 467968K, 99% used [0x00000000c0000000,0x00000000dc8d2758,0x00000000dc900000)
 Metaspace       used 66944K, committed 68480K, reserved 1114112K
  class space    used 6696K, committed 7360K, reserved 1048576K
}
Event: 21.625 GC heap after
{Heap after GC invocations=815 (full 3):
 PSYoungGen      total 2560K, used 512K [0x00000000eab00000, 0x00000000eaf80000, 0x0000000100000000)
  eden space 2048K, 0% used [0x00000000eab00000,0x00000000eab00000,0x00000000ead00000)
  from space 512K, 100% used [0x00000000eae00000,0x00000000eae80000,0x00000000eae80000)
  to   space 1024K, 0% used [0x00000000ead00000,0x00000000ead00000,0x00000000eae00000)
 ParOldGen       total 468480K, used 468041K [0x00000000c0000000, 0x00000000dc980000, 0x00000000eab00000)
  object space 468480K, 99% used [0x00000000c0000000,0x00000000dc912758,0x00000000dc980000)
 Metaspace       used 66944K, committed 68480K, reserved 1114112K
  class space    used 6696K, committed 7360K, reserved 1048576K
}
Event: 21.636 GC heap before
{Heap before GC invocations=816 (full 3):
 PSYoungGen      total 2560K, used 2560K [0x00000000eab00000, 0x00000000eaf80000, 0x0000000100000000)
  eden space 2048K, 100% used [0x00000000eab00000,0x00000000ead00000,0x00000000ead00000)
  from space 512K, 100% used [0x00000000eae00000,0x00000000eae80000,0x00000000eae80000)
  to   space 1024K, 0% used [0x00000000ead00000,0x00000000ead00000,0x00000000eae00000)
 ParOldGen       total 468480K, used 468041K [0x00000000c0000000, 0x00000000dc980000, 0x00000000eab00000)
  object space 468480K, 99% used [0x00000000c0000000,0x00000000dc912758,0x00000000dc980000)
 Metaspace       used 66961K, committed 68480K, reserved 1114112K
  class space    used 6698K, committed 7360K, reserved 1048576K
}
Event: 21.638 GC heap after
{Heap after GC invocations=816 (full 3):
 PSYoungGen      total 3072K, used 470K [0x00000000eab00000, 0x00000000eae80000, 0x0000000100000000)
  eden space 2048K, 0% used [0x00000000eab00000,0x00000000eab00000,0x00000000ead00000)
  from space 1024K, 45% used [0x00000000ead00000,0x00000000ead75808,0x00000000eae00000)
  to   space 512K, 0% used [0x00000000eae00000,0x00000000eae00000,0x00000000eae80000)
 ParOldGen       total 468480K, used 468433K [0x00000000c0000000, 0x00000000dc980000, 0x00000000eab00000)
  object space 468480K, 99% used [0x00000000c0000000,0x00000000dc974748,0x00000000dc980000)
 Metaspace       used 66961K, committed 68480K, reserved 1114112K
  class space    used 6698K, committed 7360K, reserved 1048576K
}
Event: 21.646 GC heap before
{Heap before GC invocations=817 (full 3):
 PSYoungGen      total 3072K, used 2518K [0x00000000eab00000, 0x00000000eae80000, 0x0000000100000000)
  eden space 2048K, 100% used [0x00000000eab00000,0x00000000ead00000,0x00000000ead00000)
  from space 1024K, 45% used [0x00000000ead00000,0x00000000ead75808,0x00000000eae00000)
  to   space 512K, 0% used [0x00000000eae00000,0x00000000eae00000,0x00000000eae80000)
 ParOldGen       total 468480K, used 468433K [0x00000000c0000000, 0x00000000dc980000, 0x00000000eab00000)
  object space 468480K, 99% used [0x00000000c0000000,0x00000000dc974748,0x00000000dc980000)
 Metaspace       used 67032K, committed 68544K, reserved 1114112K
  class space    used 6708K, committed 7360K, reserved 1048576K
}
Event: 21.648 GC heap after
{Heap after GC invocations=817 (full 3):
 PSYoungGen      total 2560K, used 480K [0x00000000eab00000, 0x00000000eae80000, 0x0000000100000000)
  eden space 2048K, 0% used [0x00000000eab00000,0x00000000eab00000,0x00000000ead00000)
  from space 512K, 93% used [0x00000000eae00000,0x00000000eae78010,0x00000000eae80000)
  to   space 512K, 0% used [0x00000000ead80000,0x00000000ead80000,0x00000000eae00000)
 ParOldGen       total 468992K, used 468743K [0x00000000c0000000, 0x00000000dca00000, 0x00000000eab00000)
  object space 468992K, 99% used [0x00000000c0000000,0x00000000dc9c1f50,0x00000000dca00000)
 Metaspace       used 67032K, committed 68544K, reserved 1114112K
  class space    used 6708K, committed 7360K, reserved 1048576K
}
Event: 21.655 GC heap before
{Heap before GC invocations=818 (full 3):
 PSYoungGen      total 2560K, used 2528K [0x00000000eab00000, 0x00000000eae80000, 0x0000000100000000)
  eden space 2048K, 100% used [0x00000000eab00000,0x00000000ead00000,0x00000000ead00000)
  from space 512K, 93% used [0x00000000eae00000,0x00000000eae78010,0x00000000eae80000)
  to   space 512K, 0% used [0x00000000ead80000,0x00000000ead80000,0x00000000eae00000)
 ParOldGen       total 468992K, used 468743K [0x00000000c0000000, 0x00000000dca00000, 0x00000000eab00000)
  object space 468992K, 99% used [0x00000000c0000000,0x00000000dc9c1f50,0x00000000dca00000)
 Metaspace       used 67106K, committed 68672K, reserved 1114112K
  class space    used 6711K, committed 7360K, reserved 1048576K
}
Event: 21.657 GC heap after
{Heap after GC invocations=818 (full 3):
 PSYoungGen      total 2560K, used 512K [0x00000000eab00000, 0x00000000eaf00000, 0x0000000100000000)
  eden space 2048K, 0% used [0x00000000eab00000,0x00000000eab00000,0x00000000ead00000)
  from space 512K, 100% used [0x00000000ead80000,0x00000000eae00000,0x00000000eae00000)
  to   space 1024K, 0% used [0x00000000eae00000,0x00000000eae00000,0x00000000eaf00000)
 ParOldGen       total 468992K, used 468971K [0x00000000c0000000, 0x00000000dca00000, 0x00000000eab00000)
  object space 468992K, 99% used [0x00000000c0000000,0x00000000dc9fae40,0x00000000dca00000)
 Metaspace       used 67106K, committed 68672K, reserved 1114112K
  class space    used 6711K, committed 7360K, reserved 1048576K
}
Event: 21.669 GC heap before
{Heap before GC invocations=819 (full 3):
 PSYoungGen      total 2560K, used 2559K [0x00000000eab00000, 0x00000000eaf00000, 0x0000000100000000)
  eden space 2048K, 99% used [0x00000000eab00000,0x00000000eacfffe8,0x00000000ead00000)
  from space 512K, 100% used [0x00000000ead80000,0x00000000eae00000,0x00000000eae00000)
  to   space 1024K, 0% used [0x00000000eae00000,0x00000000eae00000,0x00000000eaf00000)
 ParOldGen       total 468992K, used 468971K [0x00000000c0000000, 0x00000000dca00000, 0x00000000eab00000)
  object space 468992K, 99% used [0x00000000c0000000,0x00000000dc9fae40,0x00000000dca00000)
 Metaspace       used 67250K, committed 68800K, reserved 1114112K
  class space    used 6720K, committed 7360K, reserved 1048576K
}
Event: 21.671 GC heap after
{Heap after GC invocations=819 (full 3):
 PSYoungGen      total 2560K, used 320K [0x00000000eab00000, 0x00000000eae80000, 0x0000000100000000)
  eden space 2048K, 0% used [0x00000000eab00000,0x00000000eab00000,0x00000000ead00000)
  from space 512K, 62% used [0x00000000eae00000,0x00000000eae50000,0x00000000eae80000)
  to   space 512K, 0% used [0x00000000ead80000,0x00000000ead80000,0x00000000eae00000)
 ParOldGen       total 469504K, used 469145K [0x00000000c0000000, 0x00000000dca80000, 0x00000000eab00000)
  object space 469504K, 99% used [0x00000000c0000000,0x00000000dca265c0,0x00000000dca80000)
 Metaspace       used 67250K, committed 68800K, reserved 1114112K
  class space    used 6720K, committed 7360K, reserved 1048576K
}

