# JRE version: OpenJDK Runtime Environment Temurin-21.0.6+7 (21.0.6+7) (build 21.0.6+7-LTS)
# Java VM: OpenJDK 64-Bit Server VM Temurin-21.0.6+7 (21.0.6+7-LTS, mixed mode, sharing, tiered, compressed oops, compressed class ptrs, parallel gc, windows-amd64)
GC Precious Log:
 CardTable entry size: 512
 CPUs: 8 total, 8 available
 Memory: 16129M
 Large Page Support: Disabled
 NUMA Support: Disabled
 Compressed Oops: Enabled (32-bit)
 Alignments: Space 512K, Generation 512K, Heap 2M
 Heap Min Capacity: 100M
 Heap Initial Capacity: 100M
 Heap Max Capacity: 1G
 Pre-touch: Disabled
 Parallel Workers: 8
Heap:
 PSYoungGen      total 20992K, used 6778K [0x00000000eab00000, 0x00000000ec200000, 0x0000000100000000)
  eden space 19968K, 30% used [0x00000000eab00000,0x00000000eb0de978,0x00000000ebe80000)
  from space 1024K, 75% used [0x00000000ec100000,0x00000000ec1c0020,0x00000000ec200000)
  to   space 1024K, 0% used [0x00000000ec000000,0x00000000ec000000,0x00000000ec100000)
 ParOldGen       total 68608K, used 41750K [0x00000000c0000000, 0x00000000c4300000, 0x00000000eab00000)
  object space 68608K, 60% used [0x00000000c0000000,0x00000000c28c5b50,0x00000000c4300000)
 Metaspace       used 46131K, committed 47232K, reserved 1114112K
  class space    used 4395K, committed 4864K, reserved 1048576K
GC Heap History (20 events):
Event: 8.248 GC heap before
{Heap before GC invocations=23 (full 2):
 PSYoungGen      total 23040K, used 22560K [0x00000000eab00000, 0x00000000ec380000, 0x0000000100000000)
  eden space 22016K, 100% used [0x00000000eab00000,0x00000000ec080000,0x00000000ec080000)
  from space 1024K, 53% used [0x00000000ec280000,0x00000000ec308000,0x00000000ec380000)
  to   space 1024K, 0% used [0x00000000ec180000,0x00000000ec180000,0x00000000ec280000)
 ParOldGen       total 68608K, used 29453K [0x00000000c0000000, 0x00000000c4300000, 0x00000000eab00000)
  object space 68608K, 42% used [0x00000000c0000000,0x00000000c1cc36e8,0x00000000c4300000)
 Metaspace       used 39807K, committed 40832K, reserved 1114112K
  class space    used 3917K, committed 4416K, reserved 1048576K
}
Event: 8.250 GC heap after
{Heap after GC invocations=23 (full 2):
 PSYoungGen      total 23040K, used 746K [0x00000000eab00000, 0x00000000ec300000, 0x0000000100000000)
  eden space 22016K, 0% used [0x00000000eab00000,0x00000000eab00000,0x00000000ec080000)
  from space 1024K, 72% used [0x00000000ec180000,0x00000000ec23a860,0x00000000ec280000)
  to   space 512K, 0% used [0x00000000ec280000,0x00000000ec280000,0x00000000ec300000)
 ParOldGen       total 68608K, used 29723K [0x00000000c0000000, 0x00000000c4300000, 0x00000000eab00000)
  object space 68608K, 43% used [0x00000000c0000000,0x00000000c1d06da0,0x00000000c4300000)
 Metaspace       used 39807K, committed 40832K, reserved 1114112K
  class space    used 3917K, committed 4416K, reserved 1048576K
}
Event: 9.443 GC heap before
{Heap before GC invocations=24 (full 2):
 PSYoungGen      total 23040K, used 22762K [0x00000000eab00000, 0x00000000ec300000, 0x0000000100000000)
  eden space 22016K, 100% used [0x00000000eab00000,0x00000000ec080000,0x00000000ec080000)
  from space 1024K, 72% used [0x00000000ec180000,0x00000000ec23a860,0x00000000ec280000)
  to   space 512K, 0% used [0x00000000ec280000,0x00000000ec280000,0x00000000ec300000)
 ParOldGen       total 68608K, used 29723K [0x00000000c0000000, 0x00000000c4300000, 0x00000000eab00000)
  object space 68608K, 43% used [0x00000000c0000000,0x00000000c1d06da0,0x00000000c4300000)
 Metaspace       used 42270K, committed 43328K, reserved 1114112K
  class space    used 4160K, committed 4608K, reserved 1048576K
}
Event: 9.446 GC heap after
{Heap after GC invocations=24 (full 2):
 PSYoungGen      total 20480K, used 506K [0x00000000eab00000, 0x00000000ec880000, 0x0000000100000000)
  eden space 19968K, 0% used [0x00000000eab00000,0x00000000eab00000,0x00000000ebe80000)
  from space 512K, 98% used [0x00000000ec280000,0x00000000ec2fe980,0x00000000ec300000)
  to   space 4096K, 0% used [0x00000000ebe80000,0x00000000ebe80000,0x00000000ec280000)
 ParOldGen       total 68608K, used 32538K [0x00000000c0000000, 0x00000000c4300000, 0x00000000eab00000)
  object space 68608K, 47% used [0x00000000c0000000,0x00000000c1fc68d8,0x00000000c4300000)
 Metaspace       used 42270K, committed 43328K, reserved 1114112K
  class space    used 4160K, committed 4608K, reserved 1048576K
}
Event: 17.411 GC heap before
{Heap before GC invocations=25 (full 2):
 PSYoungGen      total 20480K, used 20474K [0x00000000eab00000, 0x00000000ec880000, 0x0000000100000000)
  eden space 19968K, 100% used [0x00000000eab00000,0x00000000ebe80000,0x00000000ebe80000)
  from space 512K, 98% used [0x00000000ec280000,0x00000000ec2fe980,0x00000000ec300000)
  to   space 4096K, 0% used [0x00000000ebe80000,0x00000000ebe80000,0x00000000ec280000)
 ParOldGen       total 68608K, used 32538K [0x00000000c0000000, 0x00000000c4300000, 0x00000000eab00000)
  object space 68608K, 47% used [0x00000000c0000000,0x00000000c1fc68d8,0x00000000c4300000)
 Metaspace       used 43622K, committed 44672K, reserved 1114112K
  class space    used 4251K, committed 4672K, reserved 1048576K
}
Event: 17.414 GC heap after
{Heap after GC invocations=25 (full 2):
 PSYoungGen      total 22528K, used 2096K [0x00000000eab00000, 0x00000000ec380000, 0x0000000100000000)
  eden space 19968K, 0% used [0x00000000eab00000,0x00000000eab00000,0x00000000ebe80000)
  from space 2560K, 81% used [0x00000000ebe80000,0x00000000ec08c050,0x00000000ec100000)
  to   space 2560K, 0% used [0x00000000ec100000,0x00000000ec100000,0x00000000ec380000)
 ParOldGen       total 68608K, used 33022K [0x00000000c0000000, 0x00000000c4300000, 0x00000000eab00000)
  object space 68608K, 48% used [0x00000000c0000000,0x00000000c203faf8,0x00000000c4300000)
 Metaspace       used 43622K, committed 44672K, reserved 1114112K
  class space    used 4251K, committed 4672K, reserved 1048576K
}
Event: 18.224 GC heap before
{Heap before GC invocations=26 (full 2):
 PSYoungGen      total 22528K, used 22064K [0x00000000eab00000, 0x00000000ec380000, 0x0000000100000000)
  eden space 19968K, 100% used [0x00000000eab00000,0x00000000ebe80000,0x00000000ebe80000)
  from space 2560K, 81% used [0x00000000ebe80000,0x00000000ec08c050,0x00000000ec100000)
  to   space 2560K, 0% used [0x00000000ec100000,0x00000000ec100000,0x00000000ec380000)
 ParOldGen       total 68608K, used 33022K [0x00000000c0000000, 0x00000000c4300000, 0x00000000eab00000)
  object space 68608K, 48% used [0x00000000c0000000,0x00000000c203faf8,0x00000000c4300000)
 Metaspace       used 44451K, committed 45440K, reserved 1114112K
  class space    used 4316K, committed 4736K, reserved 1048576K
}
Event: 18.227 GC heap after
{Heap after GC invocations=26 (full 2):
 PSYoungGen      total 21504K, used 1280K [0x00000000eab00000, 0x00000000ec280000, 0x0000000100000000)
  eden space 19968K, 0% used [0x00000000eab00000,0x00000000eab00000,0x00000000ebe80000)
  from space 1536K, 83% used [0x00000000ec100000,0x00000000ec240040,0x00000000ec280000)
  to   space 2048K, 0% used [0x00000000ebe80000,0x00000000ebe80000,0x00000000ec080000)
 ParOldGen       total 68608K, used 34959K [0x00000000c0000000, 0x00000000c4300000, 0x00000000eab00000)
  object space 68608K, 50% used [0x00000000c0000000,0x00000000c2223db0,0x00000000c4300000)
 Metaspace       used 44451K, committed 45440K, reserved 1114112K
  class space    used 4316K, committed 4736K, reserved 1048576K
}
Event: 18.456 GC heap before
{Heap before GC invocations=27 (full 2):
 PSYoungGen      total 21504K, used 21248K [0x00000000eab00000, 0x00000000ec280000, 0x0000000100000000)
  eden space 19968K, 100% used [0x00000000eab00000,0x00000000ebe80000,0x00000000ebe80000)
  from space 1536K, 83% used [0x00000000ec100000,0x00000000ec240040,0x00000000ec280000)
  to   space 2048K, 0% used [0x00000000ebe80000,0x00000000ebe80000,0x00000000ec080000)
 ParOldGen       total 68608K, used 34959K [0x00000000c0000000, 0x00000000c4300000, 0x00000000eab00000)
  object space 68608K, 50% used [0x00000000c0000000,0x00000000c2223db0,0x00000000c4300000)
 Metaspace       used 44850K, committed 45952K, reserved 1114112K
  class space    used 4322K, committed 4800K, reserved 1048576K
}
Event: 18.458 GC heap after
{Heap after GC invocations=27 (full 2):
 PSYoungGen      total 22016K, used 2016K [0x00000000eab00000, 0x00000000ec680000, 0x0000000100000000)
  eden space 19968K, 0% used [0x00000000eab00000,0x00000000eab00000,0x00000000ebe80000)
  from space 2048K, 98% used [0x00000000ebe80000,0x00000000ec078040,0x00000000ec080000)
  to   space 4096K, 0% used [0x00000000ec280000,0x00000000ec280000,0x00000000ec680000)
 ParOldGen       total 68608K, used 36191K [0x00000000c0000000, 0x00000000c4300000, 0x00000000eab00000)
  object space 68608K, 52% used [0x00000000c0000000,0x00000000c2357fb0,0x00000000c4300000)
 Metaspace       used 44850K, committed 45952K, reserved 1114112K
  class space    used 4322K, committed 4800K, reserved 1048576K
}
Event: 18.647 GC heap before
{Heap before GC invocations=28 (full 2):
 PSYoungGen      total 22016K, used 21984K [0x00000000eab00000, 0x00000000ec680000, 0x0000000100000000)
  eden space 19968K, 100% used [0x00000000eab00000,0x00000000ebe80000,0x00000000ebe80000)
  from space 2048K, 98% used [0x00000000ebe80000,0x00000000ec078040,0x00000000ec080000)
  to   space 4096K, 0% used [0x00000000ec280000,0x00000000ec280000,0x00000000ec680000)
 ParOldGen       total 68608K, used 36191K [0x00000000c0000000, 0x00000000c4300000, 0x00000000eab00000)
  object space 68608K, 52% used [0x00000000c0000000,0x00000000c2357fb0,0x00000000c4300000)
 Metaspace       used 45065K, committed 46144K, reserved 1114112K
  class space    used 4329K, committed 4800K, reserved 1048576K
}
Event: 18.649 GC heap after
{Heap after GC invocations=28 (full 2):
 PSYoungGen      total 22016K, used 1600K [0x00000000eab00000, 0x00000000ec480000, 0x0000000100000000)
  eden space 19968K, 0% used [0x00000000eab00000,0x00000000eab00000,0x00000000ebe80000)
  from space 2048K, 78% used [0x00000000ec280000,0x00000000ec410040,0x00000000ec480000)
  to   space 2560K, 0% used [0x00000000ebf80000,0x00000000ebf80000,0x00000000ec200000)
 ParOldGen       total 68608K, used 38155K [0x00000000c0000000, 0x00000000c4300000, 0x00000000eab00000)
  object space 68608K, 55% used [0x00000000c0000000,0x00000000c2542f78,0x00000000c4300000)
 Metaspace       used 45065K, committed 46144K, reserved 1114112K
  class space    used 4329K, committed 4800K, reserved 1048576K
}
Event: 18.792 GC heap before
{Heap before GC invocations=29 (full 2):
 PSYoungGen      total 22016K, used 21568K [0x00000000eab00000, 0x00000000ec480000, 0x0000000100000000)
  eden space 19968K, 100% used [0x00000000eab00000,0x00000000ebe80000,0x00000000ebe80000)
  from space 2048K, 78% used [0x00000000ec280000,0x00000000ec410040,0x00000000ec480000)
  to   space 2560K, 0% used [0x00000000ebf80000,0x00000000ebf80000,0x00000000ec200000)
 ParOldGen       total 68608K, used 38155K [0x00000000c0000000, 0x00000000c4300000, 0x00000000eab00000)
  object space 68608K, 55% used [0x00000000c0000000,0x00000000c2542f78,0x00000000c4300000)
 Metaspace       used 45201K, committed 46272K, reserved 1114112K
  class space    used 4331K, committed 4800K, reserved 1048576K
}
Event: 18.793 GC heap after
{Heap after GC invocations=29 (full 2):
 PSYoungGen      total 20992K, used 608K [0x00000000eab00000, 0x00000000ec300000, 0x0000000100000000)
  eden space 19968K, 0% used [0x00000000eab00000,0x00000000eab00000,0x00000000ebe80000)
  from space 1024K, 59% used [0x00000000ebf80000,0x00000000ec018000,0x00000000ec080000)
  to   space 1536K, 0% used [0x00000000ec180000,0x00000000ec180000,0x00000000ec300000)
 ParOldGen       total 68608K, used 39577K [0x00000000c0000000, 0x00000000c4300000, 0x00000000eab00000)
  object space 68608K, 57% used [0x00000000c0000000,0x00000000c26a6758,0x00000000c4300000)
 Metaspace       used 45201K, committed 46272K, reserved 1114112K
  class space    used 4331K, committed 4800K, reserved 1048576K
}
Event: 19.122 GC heap before
{Heap before GC invocations=30 (full 2):
 PSYoungGen      total 20992K, used 20576K [0x00000000eab00000, 0x00000000ec300000, 0x0000000100000000)
  eden space 19968K, 100% used [0x00000000eab00000,0x00000000ebe80000,0x00000000ebe80000)
  from space 1024K, 59% used [0x00000000ebf80000,0x00000000ec018000,0x00000000ec080000)
  to   space 1536K, 0% used [0x00000000ec180000,0x00000000ec180000,0x00000000ec300000)
 ParOldGen       total 68608K, used 39577K [0x00000000c0000000, 0x00000000c4300000, 0x00000000eab00000)
  object space 68608K, 57% used [0x00000000c0000000,0x00000000c26a6758,0x00000000c4300000)
 Metaspace       used 45380K, committed 46464K, reserved 1114112K
  class space    used 4333K, committed 4800K, reserved 1048576K
}
Event: 19.124 GC heap after
{Heap after GC invocations=30 (full 2):
 PSYoungGen      total 21504K, used 1504K [0x00000000eab00000, 0x00000000ec380000, 0x0000000100000000)
  eden space 19968K, 0% used [0x00000000eab00000,0x00000000eab00000,0x00000000ebe80000)
  from space 1536K, 97% used [0x00000000ec180000,0x00000000ec2f8100,0x00000000ec300000)
  to   space 2560K, 0% used [0x00000000ebe80000,0x00000000ebe80000,0x00000000ec100000)
 ParOldGen       total 68608K, used 40104K [0x00000000c0000000, 0x00000000c4300000, 0x00000000eab00000)
  object space 68608K, 58% used [0x00000000c0000000,0x00000000c272a1c8,0x00000000c4300000)
 Metaspace       used 45380K, committed 46464K, reserved 1114112K
  class space    used 4333K, committed 4800K, reserved 1048576K
}
Event: 19.362 GC heap before
{Heap before GC invocations=31 (full 2):
 PSYoungGen      total 21504K, used 21472K [0x00000000eab00000, 0x00000000ec380000, 0x0000000100000000)
  eden space 19968K, 100% used [0x00000000eab00000,0x00000000ebe80000,0x00000000ebe80000)
  from space 1536K, 97% used [0x00000000ec180000,0x00000000ec2f8100,0x00000000ec300000)
  to   space 2560K, 0% used [0x00000000ebe80000,0x00000000ebe80000,0x00000000ec100000)
 ParOldGen       total 68608K, used 40104K [0x00000000c0000000, 0x00000000c4300000, 0x00000000eab00000)
  object space 68608K, 58% used [0x00000000c0000000,0x00000000c272a1c8,0x00000000c4300000)
 Metaspace       used 45518K, committed 46592K, reserved 1114112K
  class space    used 4333K, committed 4800K, reserved 1048576K
}
Event: 19.363 GC heap after
{Heap after GC invocations=31 (full 2):
 PSYoungGen      total 22528K, used 320K [0x00000000eab00000, 0x00000000ec200000, 0x0000000100000000)
  eden space 19968K, 0% used [0x00000000eab00000,0x00000000eab00000,0x00000000ebe80000)
  from space 2560K, 12% used [0x00000000ebe80000,0x00000000ebed0000,0x00000000ec100000)
  to   space 1024K, 0% used [0x00000000ec100000,0x00000000ec100000,0x00000000ec200000)
 ParOldGen       total 68608K, used 41686K [0x00000000c0000000, 0x00000000c4300000, 0x00000000eab00000)
  object space 68608K, 60% used [0x00000000c0000000,0x00000000c28b5b50,0x00000000c4300000)
 Metaspace       used 45518K, committed 46592K, reserved 1114112K
  class space    used 4333K, committed 4800K, reserved 1048576K
}
Event: 19.560 GC heap before
{Heap before GC invocations=32 (full 2):
 PSYoungGen      total 22528K, used 20288K [0x00000000eab00000, 0x00000000ec200000, 0x0000000100000000)
  eden space 19968K, 100% used [0x00000000eab00000,0x00000000ebe80000,0x00000000ebe80000)
  from space 2560K, 12% used [0x00000000ebe80000,0x00000000ebed0000,0x00000000ec100000)
  to   space 1024K, 0% used [0x00000000ec100000,0x00000000ec100000,0x00000000ec200000)
 ParOldGen       total 68608K, used 41686K [0x00000000c0000000, 0x00000000c4300000, 0x00000000eab00000)
  object space 68608K, 60% used [0x00000000c0000000,0x00000000c28b5b50,0x00000000c4300000)
 Metaspace       used 45627K, committed 46720K, reserved 1114112K
  class space    used 4337K, committed 4800K, reserved 1048576K
}
Event: 19.561 GC heap after
{Heap after GC invocations=32 (full 2):
 PSYoungGen      total 20992K, used 768K [0x00000000eab00000, 0x00000000ec200000, 0x0000000100000000)
  eden space 19968K, 0% used [0x00000000eab00000,0x00000000eab00000,0x00000000ebe80000)
  from space 1024K, 75% used [0x00000000ec100000,0x00000000ec1c0020,0x00000000ec200000)
  to   space 1024K, 0% used [0x00000000ec000000,0x00000000ec000000,0x00000000ec100000)
 ParOldGen       total 68608K, used 41750K [0x00000000c0000000, 0x00000000c4300000, 0x00000000eab00000)
  object space 68608K, 60% used [0x00000000c0000000,0x00000000c28c5b50,0x00000000c4300000)
 Metaspace       used 45627K, committed 46720K, reserved 1114112K
  class space    used 4337K, committed 4800K, reserved 1048576K
}

