# JRE version: OpenJDK Runtime Environment Temurin-21.0.6+7 (21.0.6+7) (build 21.0.6+7-LTS)
# Java VM: OpenJDK 64-Bit Server VM Temurin-21.0.6+7 (21.0.6+7-LTS, mixed mode, sharing, tiered, compressed oops, compressed class ptrs, parallel gc, windows-amd64)
GC Precious Log:
 CardTable entry size: 512
 CPUs: 8 total, 8 available
 Memory: 16129M
 Large Page Support: Disabled
 NUMA Support: Disabled
 Compressed Oops: Enabled (32-bit)
 Alignments: Space 512K, Generation 512K, Heap 2M
 Heap Min Capacity: 100M
 Heap Initial Capacity: 100M
 Heap Max Capacity: 1G
 Pre-touch: Disabled
 Parallel Workers: 8
Heap:
 PSYoungGen      total 3584K, used 748K [0x00000000eab00000, 0x00000000eaf80000, 0x0000000100000000)
  eden space 2560K, 4% used [0x00000000eab00000,0x00000000eab1d0e8,0x00000000ead80000)
  from space 1024K, 61% used [0x00000000eae80000,0x00000000eaf1e060,0x00000000eaf80000)
  to   space 1024K, 0% used [0x00000000ead80000,0x00000000ead80000,0x00000000eae80000)
 ParOldGen       total 294400K, used 294337K [0x00000000c0000000, 0x00000000d1f80000, 0x00000000eab00000)
  object space 294400K, 99% used [0x00000000c0000000,0x00000000d1f70680,0x00000000d1f80000)
 Metaspace       used 57148K, committed 58496K, reserved 1114112K
  class space    used 5919K, committed 6528K, reserved 1048576K
GC Heap History (20 events):
Event: 13.014 GC heap before
{Heap before GC invocations=293 (full 2):
 PSYoungGen      total 3584K, used 3185K [0x00000000eab00000, 0x00000000eaf80000, 0x0000000100000000)
  eden space 2560K, 100% used [0x00000000eab00000,0x00000000ead80000,0x00000000ead80000)
  from space 1024K, 61% used [0x00000000eae80000,0x00000000eaf1c510,0x00000000eaf80000)
  to   space 1024K, 0% used [0x00000000ead80000,0x00000000ead80000,0x00000000eae80000)
 ParOldGen       total 288768K, used 288534K [0x00000000c0000000, 0x00000000d1a00000, 0x00000000eab00000)
  object space 288768K, 99% used [0x00000000c0000000,0x00000000d19c58c8,0x00000000d1a00000)
 Metaspace       used 57015K, committed 58304K, reserved 1114112K
  class space    used 5899K, committed 6464K, reserved 1048576K
}
Event: 13.016 GC heap after
{Heap after GC invocations=293 (full 2):
 PSYoungGen      total 3584K, used 320K [0x00000000eab00000, 0x00000000eaf00000, 0x0000000100000000)
  eden space 2560K, 0% used [0x00000000eab00000,0x00000000eab00000,0x00000000ead80000)
  from space 1024K, 31% used [0x00000000ead80000,0x00000000eadd0000,0x00000000eae80000)
  to   space 512K, 0% used [0x00000000eae80000,0x00000000eae80000,0x00000000eaf00000)
 ParOldGen       total 289280K, used 288935K [0x00000000c0000000, 0x00000000d1a80000, 0x00000000eab00000)
  object space 289280K, 99% used [0x00000000c0000000,0x00000000d1a29ee8,0x00000000d1a80000)
 Metaspace       used 57015K, committed 58304K, reserved 1114112K
  class space    used 5899K, committed 6464K, reserved 1048576K
}
Event: 13.029 GC heap before
{Heap before GC invocations=294 (full 2):
 PSYoungGen      total 3584K, used 2880K [0x00000000eab00000, 0x00000000eaf00000, 0x0000000100000000)
  eden space 2560K, 100% used [0x00000000eab00000,0x00000000ead80000,0x00000000ead80000)
  from space 1024K, 31% used [0x00000000ead80000,0x00000000eadd0000,0x00000000eae80000)
  to   space 512K, 0% used [0x00000000eae80000,0x00000000eae80000,0x00000000eaf00000)
 ParOldGen       total 289280K, used 288935K [0x00000000c0000000, 0x00000000d1a80000, 0x00000000eab00000)
  object space 289280K, 99% used [0x00000000c0000000,0x00000000d1a29ee8,0x00000000d1a80000)
 Metaspace       used 57019K, committed 58368K, reserved 1114112K
  class space    used 5899K, committed 6464K, reserved 1048576K
}
Event: 13.030 GC heap after
{Heap after GC invocations=294 (full 2):
 PSYoungGen      total 3072K, used 320K [0x00000000eab00000, 0x00000000eaf00000, 0x0000000100000000)
  eden space 2560K, 0% used [0x00000000eab00000,0x00000000eab00000,0x00000000ead80000)
  from space 512K, 62% used [0x00000000eae80000,0x00000000eaed0000,0x00000000eaf00000)
  to   space 512K, 0% used [0x00000000eae00000,0x00000000eae00000,0x00000000eae80000)
 ParOldGen       total 289280K, used 289095K [0x00000000c0000000, 0x00000000d1a80000, 0x00000000eab00000)
  object space 289280K, 99% used [0x00000000c0000000,0x00000000d1a51ee8,0x00000000d1a80000)
 Metaspace       used 57019K, committed 58368K, reserved 1114112K
  class space    used 5899K, committed 6464K, reserved 1048576K
}
Event: 13.043 GC heap before
{Heap before GC invocations=295 (full 2):
 PSYoungGen      total 3072K, used 2880K [0x00000000eab00000, 0x00000000eaf00000, 0x0000000100000000)
  eden space 2560K, 100% used [0x00000000eab00000,0x00000000ead80000,0x00000000ead80000)
  from space 512K, 62% used [0x00000000eae80000,0x00000000eaed0000,0x00000000eaf00000)
  to   space 512K, 0% used [0x00000000eae00000,0x00000000eae00000,0x00000000eae80000)
 ParOldGen       total 289280K, used 289095K [0x00000000c0000000, 0x00000000d1a80000, 0x00000000eab00000)
  object space 289280K, 99% used [0x00000000c0000000,0x00000000d1a51ee8,0x00000000d1a80000)
 Metaspace       used 57025K, committed 58368K, reserved 1114112K
  class space    used 5900K, committed 6464K, reserved 1048576K
}
Event: 13.045 GC heap after
{Heap after GC invocations=295 (full 2):
 PSYoungGen      total 3072K, used 512K [0x00000000eab00000, 0x00000000eaf80000, 0x0000000100000000)
  eden space 2560K, 0% used [0x00000000eab00000,0x00000000eab00000,0x00000000ead80000)
  from space 512K, 100% used [0x00000000eae00000,0x00000000eae80000,0x00000000eae80000)
  to   space 1024K, 0% used [0x00000000eae80000,0x00000000eae80000,0x00000000eaf80000)
 ParOldGen       total 289792K, used 289317K [0x00000000c0000000, 0x00000000d1b00000, 0x00000000eab00000)
  object space 289792K, 99% used [0x00000000c0000000,0x00000000d1a89550,0x00000000d1b00000)
 Metaspace       used 57025K, committed 58368K, reserved 1114112K
  class space    used 5900K, committed 6464K, reserved 1048576K
}
Event: 13.061 GC heap before
{Heap before GC invocations=296 (full 2):
 PSYoungGen      total 3072K, used 3072K [0x00000000eab00000, 0x00000000eaf80000, 0x0000000100000000)
  eden space 2560K, 100% used [0x00000000eab00000,0x00000000ead80000,0x00000000ead80000)
  from space 512K, 100% used [0x00000000eae00000,0x00000000eae80000,0x00000000eae80000)
  to   space 1024K, 0% used [0x00000000eae80000,0x00000000eae80000,0x00000000eaf80000)
 ParOldGen       total 289792K, used 289317K [0x00000000c0000000, 0x00000000d1b00000, 0x00000000eab00000)
  object space 289792K, 99% used [0x00000000c0000000,0x00000000d1a89550,0x00000000d1b00000)
 Metaspace       used 57025K, committed 58368K, reserved 1114112K
  class space    used 5900K, committed 6464K, reserved 1048576K
}
Event: 13.063 GC heap after
{Heap after GC invocations=296 (full 2):
 PSYoungGen      total 3584K, used 736K [0x00000000eab00000, 0x00000000eaf80000, 0x0000000100000000)
  eden space 2560K, 0% used [0x00000000eab00000,0x00000000eab00000,0x00000000ead80000)
  from space 1024K, 71% used [0x00000000eae80000,0x00000000eaf38000,0x00000000eaf80000)
  to   space 1024K, 0% used [0x00000000ead80000,0x00000000ead80000,0x00000000eae80000)
 ParOldGen       total 289792K, used 289736K [0x00000000c0000000, 0x00000000d1b00000, 0x00000000eab00000)
  object space 289792K, 99% used [0x00000000c0000000,0x00000000d1af20a0,0x00000000d1b00000)
 Metaspace       used 57025K, committed 58368K, reserved 1114112K
  class space    used 5900K, committed 6464K, reserved 1048576K
}
Event: 13.073 GC heap before
{Heap before GC invocations=297 (full 2):
 PSYoungGen      total 3584K, used 3296K [0x00000000eab00000, 0x00000000eaf80000, 0x0000000100000000)
  eden space 2560K, 100% used [0x00000000eab00000,0x00000000ead80000,0x00000000ead80000)
  from space 1024K, 71% used [0x00000000eae80000,0x00000000eaf38000,0x00000000eaf80000)
  to   space 1024K, 0% used [0x00000000ead80000,0x00000000ead80000,0x00000000eae80000)
 ParOldGen       total 289792K, used 289736K [0x00000000c0000000, 0x00000000d1b00000, 0x00000000eab00000)
  object space 289792K, 99% used [0x00000000c0000000,0x00000000d1af20a0,0x00000000d1b00000)
 Metaspace       used 57025K, committed 58368K, reserved 1114112K
  class space    used 5900K, committed 6464K, reserved 1048576K
}
Event: 13.074 GC heap after
{Heap after GC invocations=297 (full 2):
 PSYoungGen      total 3584K, used 768K [0x00000000eab00000, 0x00000000eaf80000, 0x0000000100000000)
  eden space 2560K, 0% used [0x00000000eab00000,0x00000000eab00000,0x00000000ead80000)
  from space 1024K, 75% used [0x00000000ead80000,0x00000000eae40000,0x00000000eae80000)
  to   space 1024K, 0% used [0x00000000eae80000,0x00000000eae80000,0x00000000eaf80000)
 ParOldGen       total 290816K, used 290341K [0x00000000c0000000, 0x00000000d1c00000, 0x00000000eab00000)
  object space 290816K, 99% used [0x00000000c0000000,0x00000000d1b897f0,0x00000000d1c00000)
 Metaspace       used 57025K, committed 58368K, reserved 1114112K
  class space    used 5900K, committed 6464K, reserved 1048576K
}
Event: 13.081 GC heap before
{Heap before GC invocations=298 (full 2):
 PSYoungGen      total 3584K, used 3328K [0x00000000eab00000, 0x00000000eaf80000, 0x0000000100000000)
  eden space 2560K, 100% used [0x00000000eab00000,0x00000000ead80000,0x00000000ead80000)
  from space 1024K, 75% used [0x00000000ead80000,0x00000000eae40000,0x00000000eae80000)
  to   space 1024K, 0% used [0x00000000eae80000,0x00000000eae80000,0x00000000eaf80000)
 ParOldGen       total 290816K, used 290341K [0x00000000c0000000, 0x00000000d1c00000, 0x00000000eab00000)
  object space 290816K, 99% used [0x00000000c0000000,0x00000000d1b897f0,0x00000000d1c00000)
 Metaspace       used 57025K, committed 58368K, reserved 1114112K
  class space    used 5900K, committed 6464K, reserved 1048576K
}
Event: 13.083 GC heap after
{Heap after GC invocations=298 (full 2):
 PSYoungGen      total 3584K, used 694K [0x00000000eab00000, 0x00000000eaf80000, 0x0000000100000000)
  eden space 2560K, 0% used [0x00000000eab00000,0x00000000eab00000,0x00000000ead80000)
  from space 1024K, 67% used [0x00000000eae80000,0x00000000eaf2da10,0x00000000eaf80000)
  to   space 1024K, 0% used [0x00000000ead80000,0x00000000ead80000,0x00000000eae80000)
 ParOldGen       total 291328K, used 290962K [0x00000000c0000000, 0x00000000d1c80000, 0x00000000eab00000)
  object space 291328K, 99% used [0x00000000c0000000,0x00000000d1c24990,0x00000000d1c80000)
 Metaspace       used 57025K, committed 58368K, reserved 1114112K
  class space    used 5900K, committed 6464K, reserved 1048576K
}
Event: 13.091 GC heap before
{Heap before GC invocations=299 (full 2):
 PSYoungGen      total 3584K, used 3248K [0x00000000eab00000, 0x00000000eaf80000, 0x0000000100000000)
  eden space 2560K, 99% used [0x00000000eab00000,0x00000000ead7e708,0x00000000ead80000)
  from space 1024K, 67% used [0x00000000eae80000,0x00000000eaf2da10,0x00000000eaf80000)
  to   space 1024K, 0% used [0x00000000ead80000,0x00000000ead80000,0x00000000eae80000)
 ParOldGen       total 291328K, used 290962K [0x00000000c0000000, 0x00000000d1c80000, 0x00000000eab00000)
  object space 291328K, 99% used [0x00000000c0000000,0x00000000d1c24990,0x00000000d1c80000)
 Metaspace       used 57036K, committed 58368K, reserved 1114112K
  class space    used 5901K, committed 6464K, reserved 1048576K
}
Event: 13.093 GC heap after
{Heap after GC invocations=299 (full 2):
 PSYoungGen      total 3584K, used 704K [0x00000000eab00000, 0x00000000eaf80000, 0x0000000100000000)
  eden space 2560K, 0% used [0x00000000eab00000,0x00000000eab00000,0x00000000ead80000)
  from space 1024K, 68% used [0x00000000ead80000,0x00000000eae30000,0x00000000eae80000)
  to   space 1024K, 0% used [0x00000000eae80000,0x00000000eae80000,0x00000000eaf80000)
 ParOldGen       total 291840K, used 291574K [0x00000000c0000000, 0x00000000d1d00000, 0x00000000eab00000)
  object space 291840K, 99% used [0x00000000c0000000,0x00000000d1cbd8c0,0x00000000d1d00000)
 Metaspace       used 57036K, committed 58368K, reserved 1114112K
  class space    used 5901K, committed 6464K, reserved 1048576K
}
Event: 13.101 GC heap before
{Heap before GC invocations=300 (full 2):
 PSYoungGen      total 3584K, used 3264K [0x00000000eab00000, 0x00000000eaf80000, 0x0000000100000000)
  eden space 2560K, 100% used [0x00000000eab00000,0x00000000ead80000,0x00000000ead80000)
  from space 1024K, 68% used [0x00000000ead80000,0x00000000eae30000,0x00000000eae80000)
  to   space 1024K, 0% used [0x00000000eae80000,0x00000000eae80000,0x00000000eaf80000)
 ParOldGen       total 291840K, used 291574K [0x00000000c0000000, 0x00000000d1d00000, 0x00000000eab00000)
  object space 291840K, 99% used [0x00000000c0000000,0x00000000d1cbd8c0,0x00000000d1d00000)
 Metaspace       used 57066K, committed 58368K, reserved 1114112K
  class space    used 5905K, committed 6464K, reserved 1048576K
}
Event: 13.102 GC heap after
{Heap after GC invocations=300 (full 2):
 PSYoungGen      total 3584K, used 736K [0x00000000eab00000, 0x00000000eaf80000, 0x0000000100000000)
  eden space 2560K, 0% used [0x00000000eab00000,0x00000000eab00000,0x00000000ead80000)
  from space 1024K, 71% used [0x00000000eae80000,0x00000000eaf381f8,0x00000000eaf80000)
  to   space 1024K, 0% used [0x00000000ead80000,0x00000000ead80000,0x00000000eae80000)
 ParOldGen       total 292352K, used 292152K [0x00000000c0000000, 0x00000000d1d80000, 0x00000000eab00000)
  object space 292352K, 99% used [0x00000000c0000000,0x00000000d1d4e380,0x00000000d1d80000)
 Metaspace       used 57066K, committed 58368K, reserved 1114112K
  class space    used 5905K, committed 6464K, reserved 1048576K
}
Event: 13.110 GC heap before
{Heap before GC invocations=301 (full 2):
 PSYoungGen      total 3584K, used 3296K [0x00000000eab00000, 0x00000000eaf80000, 0x0000000100000000)
  eden space 2560K, 100% used [0x00000000eab00000,0x00000000ead80000,0x00000000ead80000)
  from space 1024K, 71% used [0x00000000eae80000,0x00000000eaf381f8,0x00000000eaf80000)
  to   space 1024K, 0% used [0x00000000ead80000,0x00000000ead80000,0x00000000eae80000)
 ParOldGen       total 292352K, used 292152K [0x00000000c0000000, 0x00000000d1d80000, 0x00000000eab00000)
  object space 292352K, 99% used [0x00000000c0000000,0x00000000d1d4e380,0x00000000d1d80000)
 Metaspace       used 57099K, committed 58432K, reserved 1114112K
  class space    used 5910K, committed 6464K, reserved 1048576K
}
Event: 13.112 GC heap after
{Heap after GC invocations=301 (full 2):
 PSYoungGen      total 3584K, used 664K [0x00000000eab00000, 0x00000000eaf80000, 0x0000000100000000)
  eden space 2560K, 0% used [0x00000000eab00000,0x00000000eab00000,0x00000000ead80000)
  from space 1024K, 64% used [0x00000000ead80000,0x00000000eae262b8,0x00000000eae80000)
  to   space 1024K, 0% used [0x00000000eae80000,0x00000000eae80000,0x00000000eaf80000)
 ParOldGen       total 292864K, used 292739K [0x00000000c0000000, 0x00000000d1e00000, 0x00000000eab00000)
  object space 292864K, 99% used [0x00000000c0000000,0x00000000d1de0dd8,0x00000000d1e00000)
 Metaspace       used 57099K, committed 58432K, reserved 1114112K
  class space    used 5910K, committed 6464K, reserved 1048576K
}
Event: 13.129 GC heap before
{Heap before GC invocations=302 (full 2):
 PSYoungGen      total 3584K, used 3221K [0x00000000eab00000, 0x00000000eaf80000, 0x0000000100000000)
  eden space 2560K, 99% used [0x00000000eab00000,0x00000000ead7f4f0,0x00000000ead80000)
  from space 1024K, 64% used [0x00000000ead80000,0x00000000eae262b8,0x00000000eae80000)
  to   space 1024K, 0% used [0x00000000eae80000,0x00000000eae80000,0x00000000eaf80000)
 ParOldGen       total 292864K, used 292739K [0x00000000c0000000, 0x00000000d1e00000, 0x00000000eab00000)
  object space 292864K, 99% used [0x00000000c0000000,0x00000000d1de0dd8,0x00000000d1e00000)
 Metaspace       used 57099K, committed 58432K, reserved 1114112K
  class space    used 5910K, committed 6464K, reserved 1048576K
}
Event: 13.130 GC heap after
{Heap after GC invocations=302 (full 2):
 PSYoungGen      total 3584K, used 658K [0x00000000eab00000, 0x00000000eaf80000, 0x0000000100000000)
  eden space 2560K, 0% used [0x00000000eab00000,0x00000000eab00000,0x00000000ead80000)
  from space 1024K, 64% used [0x00000000eae80000,0x00000000eaf24b78,0x00000000eaf80000)
  to   space 1024K, 0% used [0x00000000ead80000,0x00000000ead80000,0x00000000eae80000)
 ParOldGen       total 293376K, used 293306K [0x00000000c0000000, 0x00000000d1e80000, 0x00000000eab00000)
  object space 293376K, 99% used [0x00000000c0000000,0x00000000d1e6e968,0x00000000d1e80000)
 Metaspace       used 57099K, committed 58432K, reserved 1114112K
  class space    used 5910K, committed 6464K, reserved 1048576K
}

